<?xml version="1.0" encoding="UTF-8"?>
<testsuite xmlns:xsi="http://www.w3.org/2001/XMLSchema-instance" xsi:noNamespaceSchemaLocation="https://maven.apache.org/surefire/maven-surefire-plugin/xsd/surefire-test-report-3.0.xsd" version="3.0" name="WNSSIS.AppTest" time="0.01" tests="1" errors="0" skipped="0" failures="0">
  <properties>
    <property name="java.specification.version" value="17"/>
    <property name="sun.jnu.encoding" value="UTF-8"/>
    <property name="java.class.path" value="/Users/ahmedbenrhaiem/MyFolder@Me/WWSIS/Semester 6/Team Project/SSS/target/test-classes:/Users/ahmedbenrhaiem/MyFolder@Me/WWSIS/Semester 6/Team Project/SSS/target/classes:/Users/ahmedbenrhaiem/.m2/repository/org/springframework/spring-webmvc/4.3.8.RELEASE/spring-webmvc-4.3.8.RELEASE.jar:/Users/ahmedbenrhaiem/.m2/repository/org/springframework/spring-aop/4.3.8.RELEASE/spring-aop-4.3.8.RELEASE.jar:/Users/ahmedbenrhaiem/.m2/repository/org/springframework/spring-beans/4.3.8.RELEASE/spring-beans-4.3.8.RELEASE.jar:/Users/ahmedbenrhaiem/.m2/repository/org/springframework/spring-context/4.3.8.RELEASE/spring-context-4.3.8.RELEASE.jar:/Users/ahmedbenrhaiem/.m2/repository/org/springframework/spring-core/4.3.8.RELEASE/spring-core-4.3.8.RELEASE.jar:/Users/ahmedbenrhaiem/.m2/repository/commons-logging/commons-logging/1.2/commons-logging-1.2.jar:/Users/ahmedbenrhaiem/.m2/repository/org/springframework/spring-expression/4.3.8.RELEASE/spring-expression-4.3.8.RELEASE.jar:/Users/ahmedbenrhaiem/.m2/repository/org/springframework/spring-web/4.3.8.RELEASE/spring-web-4.3.8.RELEASE.jar:/Users/ahmedbenrhaiem/.m2/repository/org/springframework/spring-orm/4.3.8.RELEASE/spring-orm-4.3.8.RELEASE.jar:/Users/ahmedbenrhaiem/.m2/repository/org/springframework/spring-jdbc/4.3.8.RELEASE/spring-jdbc-4.3.8.RELEASE.jar:/Users/ahmedbenrhaiem/.m2/repository/org/springframework/spring-tx/4.3.8.RELEASE/spring-tx-4.3.8.RELEASE.jar:/Users/ahmedbenrhaiem/.m2/repository/org/hibernate/hibernate-core/5.2.10.Final/hibernate-core-5.2.10.Final.jar:/Users/ahmedbenrhaiem/.m2/repository/org/jboss/logging/jboss-logging/3.3.0.Final/jboss-logging-3.3.0.Final.jar:/Users/ahmedbenrhaiem/.m2/repository/org/hibernate/javax/persistence/hibernate-jpa-2.1-api/1.0.0.Final/hibernate-jpa-2.1-api-1.0.0.Final.jar:/Users/ahmedbenrhaiem/.m2/repository/org/javassist/javassist/3.20.0-GA/javassist-3.20.0-GA.jar:/Users/ahmedbenrhaiem/.m2/repository/antlr/antlr/2.7.7/antlr-2.7.7.jar:/Users/ahmedbenrhaiem/.m2/repository/org/jboss/spec/javax/transaction/jboss-transaction-api_1.2_spec/1.0.1.Final/jboss-transaction-api_1.2_spec-1.0.1.Final.jar:/Users/ahmedbenrhaiem/.m2/repository/org/jboss/jandex/2.0.3.Final/jandex-2.0.3.Final.jar:/Users/ahmedbenrhaiem/.m2/repository/com/fasterxml/classmate/1.3.0/classmate-1.3.0.jar:/Users/ahmedbenrhaiem/.m2/repository/dom4j/dom4j/1.6.1/dom4j-1.6.1.jar:/Users/ahmedbenrhaiem/.m2/repository/org/hibernate/common/hibernate-commons-annotations/5.0.1.Final/hibernate-commons-annotations-5.0.1.Final.jar:/Users/ahmedbenrhaiem/.m2/repository/org/hibernate/hibernate-entitymanager/5.2.10.Final/hibernate-entitymanager-5.2.10.Final.jar:/Users/ahmedbenrhaiem/.m2/repository/net/bytebuddy/byte-buddy/1.6.6/byte-buddy-1.6.6.jar:/Users/ahmedbenrhaiem/.m2/repository/javax/persistence/javax.persistence-api/2.2/javax.persistence-api-2.2.jar:/Users/ahmedbenrhaiem/.m2/repository/junit/junit/3.8.1/junit-3.8.1.jar:"/>
    <property name="java.vm.vendor" value="Homebrew"/>
    <property name="sun.arch.data.model" value="64"/>
    <property name="java.vendor.url" value="https://github.com/Homebrew/homebrew-core/issues"/>
    <property name="os.name" value="Mac OS X"/>
    <property name="java.vm.specification.version" value="17"/>
    <property name="sun.java.launcher" value="SUN_STANDARD"/>
    <property name="user.country" value="US"/>
    <property name="sun.boot.library.path" value="/opt/homebrew/Cellar/openjdk@17/17.0.14/libexec/openjdk.jdk/Contents/Home/lib"/>
    <property name="sun.java.command" value="/Users/ahmedbenrhaiem/MyFolder@Me/WWSIS/Semester 6/Team Project/SSS/target/surefire/surefirebooter-20250710182008156_3.jar /Users/ahmedbenrhaiem/MyFolder@Me/WWSIS/Semester 6/Team Project/SSS/target/surefire 2025-07-10T18-20-08_112-jvmRun1 surefire-20250710182008156_1tmp surefire_0-20250710182008156_2tmp"/>
    <property name="jdk.debug" value="release"/>
    <property name="surefire.test.class.path" value="/Users/ahmedbenrhaiem/MyFolder@Me/WWSIS/Semester 6/Team Project/SSS/target/test-classes:/Users/ahmedbenrhaiem/MyFolder@Me/WWSIS/Semester 6/Team Project/SSS/target/classes:/Users/ahmedbenrhaiem/.m2/repository/org/springframework/spring-webmvc/4.3.8.RELEASE/spring-webmvc-4.3.8.RELEASE.jar:/Users/ahmedbenrhaiem/.m2/repository/org/springframework/spring-aop/4.3.8.RELEASE/spring-aop-4.3.8.RELEASE.jar:/Users/ahmedbenrhaiem/.m2/repository/org/springframework/spring-beans/4.3.8.RELEASE/spring-beans-4.3.8.RELEASE.jar:/Users/ahmedbenrhaiem/.m2/repository/org/springframework/spring-context/4.3.8.RELEASE/spring-context-4.3.8.RELEASE.jar:/Users/ahmedbenrhaiem/.m2/repository/org/springframework/spring-core/4.3.8.RELEASE/spring-core-4.3.8.RELEASE.jar:/Users/ahmedbenrhaiem/.m2/repository/commons-logging/commons-logging/1.2/commons-logging-1.2.jar:/Users/ahmedbenrhaiem/.m2/repository/org/springframework/spring-expression/4.3.8.RELEASE/spring-expression-4.3.8.RELEASE.jar:/Users/ahmedbenrhaiem/.m2/repository/org/springframework/spring-web/4.3.8.RELEASE/spring-web-4.3.8.RELEASE.jar:/Users/ahmedbenrhaiem/.m2/repository/org/springframework/spring-orm/4.3.8.RELEASE/spring-orm-4.3.8.RELEASE.jar:/Users/ahmedbenrhaiem/.m2/repository/org/springframework/spring-jdbc/4.3.8.RELEASE/spring-jdbc-4.3.8.RELEASE.jar:/Users/ahmedbenrhaiem/.m2/repository/org/springframework/spring-tx/4.3.8.RELEASE/spring-tx-4.3.8.RELEASE.jar:/Users/ahmedbenrhaiem/.m2/repository/org/hibernate/hibernate-core/5.2.10.Final/hibernate-core-5.2.10.Final.jar:/Users/ahmedbenrhaiem/.m2/repository/org/jboss/logging/jboss-logging/3.3.0.Final/jboss-logging-3.3.0.Final.jar:/Users/ahmedbenrhaiem/.m2/repository/org/hibernate/javax/persistence/hibernate-jpa-2.1-api/1.0.0.Final/hibernate-jpa-2.1-api-1.0.0.Final.jar:/Users/ahmedbenrhaiem/.m2/repository/org/javassist/javassist/3.20.0-GA/javassist-3.20.0-GA.jar:/Users/ahmedbenrhaiem/.m2/repository/antlr/antlr/2.7.7/antlr-2.7.7.jar:/Users/ahmedbenrhaiem/.m2/repository/org/jboss/spec/javax/transaction/jboss-transaction-api_1.2_spec/1.0.1.Final/jboss-transaction-api_1.2_spec-1.0.1.Final.jar:/Users/ahmedbenrhaiem/.m2/repository/org/jboss/jandex/2.0.3.Final/jandex-2.0.3.Final.jar:/Users/ahmedbenrhaiem/.m2/repository/com/fasterxml/classmate/1.3.0/classmate-1.3.0.jar:/Users/ahmedbenrhaiem/.m2/repository/dom4j/dom4j/1.6.1/dom4j-1.6.1.jar:/Users/ahmedbenrhaiem/.m2/repository/org/hibernate/common/hibernate-commons-annotations/5.0.1.Final/hibernate-commons-annotations-5.0.1.Final.jar:/Users/ahmedbenrhaiem/.m2/repository/org/hibernate/hibernate-entitymanager/5.2.10.Final/hibernate-entitymanager-5.2.10.Final.jar:/Users/ahmedbenrhaiem/.m2/repository/net/bytebuddy/byte-buddy/1.6.6/byte-buddy-1.6.6.jar:/Users/ahmedbenrhaiem/.m2/repository/javax/persistence/javax.persistence-api/2.2/javax.persistence-api-2.2.jar:/Users/ahmedbenrhaiem/.m2/repository/junit/junit/3.8.1/junit-3.8.1.jar:"/>
    <property name="sun.cpu.endian" value="little"/>
    <property name="user.home" value="/Users/ahmedbenrhaiem"/>
    <property name="user.language" value="en"/>
    <property name="java.specification.vendor" value="Oracle Corporation"/>
    <property name="java.version.date" value="2025-01-21"/>
    <property name="java.home" value="/opt/homebrew/Cellar/openjdk@17/17.0.14/libexec/openjdk.jdk/Contents/Home"/>
    <property name="file.separator" value="/"/>
    <property name="basedir" value="/Users/ahmedbenrhaiem/MyFolder@Me/WWSIS/Semester 6/Team Project/SSS"/>
    <property name="java.vm.compressedOopsMode" value="Zero based"/>
    <property name="line.separator" value="&#10;"/>
    <property name="java.specification.name" value="Java Platform API Specification"/>
    <property name="java.vm.specification.vendor" value="Oracle Corporation"/>
    <property name="surefire.real.class.path" value="/Users/ahmedbenrhaiem/MyFolder@Me/WWSIS/Semester 6/Team Project/SSS/target/surefire/surefirebooter-20250710182008156_3.jar"/>
    <property name="sun.management.compiler" value="HotSpot 64-Bit Tiered Compilers"/>
    <property name="java.runtime.version" value="17.0.14+0"/>
    <property name="user.name" value="ahmedbenrhaiem"/>
    <property name="path.separator" value=":"/>
    <property name="os.version" value="15.5"/>
    <property name="java.runtime.name" value="OpenJDK Runtime Environment"/>
    <property name="file.encoding" value="UTF-8"/>
    <property name="java.vm.name" value="OpenJDK 64-Bit Server VM"/>
    <property name="java.vendor.version" value="Homebrew"/>
    <property name="localRepository" value="/Users/ahmedbenrhaiem/.m2/repository"/>
    <property name="java.vendor.url.bug" value="https://github.com/Homebrew/homebrew-core/issues"/>
    <property name="java.io.tmpdir" value="/var/folders/dc/wpr_gbbd7wd7145j0mghc_q80000gn/T/"/>
    <property name="java.version" value="17.0.14"/>
    <property name="user.dir" value="/Users/ahmedbenrhaiem/MyFolder@Me/WWSIS/Semester 6/Team Project/SSS"/>
    <property name="os.arch" value="aarch64"/>
    <property name="java.vm.specification.name" value="Java Virtual Machine Specification"/>
    <property name="native.encoding" value="UTF-8"/>
    <property name="java.library.path" value="/Users/ahmedbenrhaiem/Library/Java/Extensions:/Library/Java/Extensions:/Network/Library/Java/Extensions:/System/Library/Java/Extensions:/usr/lib/java:."/>
    <property name="java.vm.info" value="mixed mode, sharing"/>
    <property name="java.vendor" value="Homebrew"/>
    <property name="java.vm.version" value="17.0.14+0"/>
    <property name="java.specification.maintenance.version" value="1"/>
    <property name="sun.io.unicode.encoding" value="UnicodeBig"/>
    <property name="java.class.version" value="61.0"/>
  </properties>
  <testcase name="testApp" classname="WNSSIS.AppTest" time="0.001"/>
</testsuite>